<?xml version="1.0" encoding="UTF-8"?>
<!-- Generated by org.testng.reporters.JUnitReportReporter -->
<testsuite hostname="BDC7-D-FMZXQG2" failures="0" tests="1" name="com.test.NewTest4" time="15.954" errors="0" timestamp="19 May 2018 10:20:37 GMT" skipped="0">
  <testcase classname="com.test.NewTest4" name="TestPopUp" time="15.954"/>
</testsuite> <!-- com.test.NewTest4 -->
