<?xml version="1.0" encoding="UTF-8"?>
<!-- Generated by org.testng.reporters.JUnitReportReporter -->
<testsuite hostname="BDC7-D-FMZXQG2" failures="0" tests="1" name="com.test.NewTest2" time="12.096" errors="0" timestamp="19 May 2018 07:40:48 GMT" skipped="0">
  <testcase classname="com.test.NewTest2" name="DragDrop" time="12.096"/>
</testsuite> <!-- com.test.NewTest2 -->
