<?xml version="1.0" encoding="UTF-8"?>
<!-- Generated by org.testng.reporters.JUnitReportReporter -->
<testsuite hostname="BDC7-D-FMZXQG2" failures="0" tests="1" name="com.test.NewTest1" time="14.174" errors="0" timestamp="19 May 2018 05:58:28 GMT" skipped="0">
  <testcase classname="com.test.NewTest1" name="testHDFC" time="14.174"/>
</testsuite> <!-- com.test.NewTest1 -->
