<?xml version="1.0" encoding="UTF-8"?>
<!-- Generated by org.testng.reporters.JUnitReportReporter -->
<testsuite hostname="BDC7-D-FMZXQG2" failures="0" tests="1" name="com.test.NewTest3" time="21.883" errors="0" timestamp="19 May 2018 07:49:06 GMT" skipped="0">
  <testcase classname="com.test.NewTest3" name="testClearTrip" time="21.883"/>
</testsuite> <!-- com.test.NewTest3 -->
